ERROR - 2022-09-19 18:32:18 --> Error connecting to the database: Unknown database 'webprovincias'
CRITICAL - 2022-09-19 18:32:18 --> Unable to connect to the database.
Main connection [MySQLi]: Unknown database 'webprovincias'
in SYSTEMPATH\Database\BaseConnection.php on line 416.
 1 SYSTEMPATH\Database\BaseConnection.php(586): CodeIgniter\Database\BaseConnection->initialize()
 2 SYSTEMPATH\Database\BaseBuilder.php(1585): CodeIgniter\Database\BaseConnection->query('SELECT *
FROM `PROVINCIA`
ORDER BY `NAME` ASC', [], false)
 3 SYSTEMPATH\Model.php(222): CodeIgniter\Database\BaseBuilder->get()
 4 SYSTEMPATH\BaseModel.php(584): CodeIgniter\Model->doFindAll(0, 0)
 5 APPPATH\Controllers\Provincia.php(16): CodeIgniter\BaseModel->findAll()
 6 SYSTEMPATH\CodeIgniter.php(896): App\Controllers\Provincia->list()
 7 SYSTEMPATH\CodeIgniter.php(466): CodeIgniter\CodeIgniter->runController(Object(App\Controllers\Provincia))
 8 SYSTEMPATH\CodeIgniter.php(349): CodeIgniter\CodeIgniter->handleRequest(null, Object(Config\Cache), false)
 9 FCPATH\index.php(55): CodeIgniter\CodeIgniter->run()
ERROR - 2022-09-19 18:32:31 --> Error connecting to the database: Unknown database 'webprovincias'
CRITICAL - 2022-09-19 18:32:31 --> Unable to connect to the database.
Main connection [MySQLi]: Unknown database 'webprovincias'
in SYSTEMPATH\Database\BaseConnection.php on line 416.
 1 SYSTEMPATH\Database\BaseConnection.php(586): CodeIgniter\Database\BaseConnection->initialize()
 2 SYSTEMPATH\Database\BaseBuilder.php(1585): CodeIgniter\Database\BaseConnection->query('SELECT *
FROM `PROVINCIA`
ORDER BY `NAME` ASC', [], false)
 3 SYSTEMPATH\Model.php(222): CodeIgniter\Database\BaseBuilder->get()
 4 SYSTEMPATH\BaseModel.php(584): CodeIgniter\Model->doFindAll(0, 0)
 5 APPPATH\Controllers\Provincia.php(16): CodeIgniter\BaseModel->findAll()
 6 SYSTEMPATH\CodeIgniter.php(896): App\Controllers\Provincia->list()
 7 SYSTEMPATH\CodeIgniter.php(466): CodeIgniter\CodeIgniter->runController(Object(App\Controllers\Provincia))
 8 SYSTEMPATH\CodeIgniter.php(349): CodeIgniter\CodeIgniter->handleRequest(null, Object(Config\Cache), false)
 9 FCPATH\index.php(55): CodeIgniter\CodeIgniter->run()
CRITICAL - 2022-09-19 18:51:40 --> Undefined array key "IMAGE"
in APPPATH\Controllers\Provincia.php on line 41.
 1 APPPATH\Controllers\Provincia.php(41): CodeIgniter\Debug\Exceptions->errorHandler(2, 'Undefined array key "IMAGE"', 'APPPATH\\Controllers\\Provincia.php', 41)
 2 SYSTEMPATH\CodeIgniter.php(896): App\Controllers\Provincia->save()
 3 SYSTEMPATH\CodeIgniter.php(466): CodeIgniter\CodeIgniter->runController(Object(App\Controllers\Provincia))
 4 SYSTEMPATH\CodeIgniter.php(349): CodeIgniter\CodeIgniter->handleRequest(null, Object(Config\Cache), false)
 5 FCPATH\index.php(55): CodeIgniter\CodeIgniter->run()
CRITICAL - 2022-09-19 18:51:52 --> Undefined array key "IMAGE"
in APPPATH\Controllers\Provincia.php on line 41.
 1 APPPATH\Controllers\Provincia.php(41): CodeIgniter\Debug\Exceptions->errorHandler(2, 'Undefined array key "IMAGE"', 'APPPATH\\Controllers\\Provincia.php', 41)
 2 SYSTEMPATH\CodeIgniter.php(896): App\Controllers\Provincia->save()
 3 SYSTEMPATH\CodeIgniter.php(466): CodeIgniter\CodeIgniter->runController(Object(App\Controllers\Provincia))
 4 SYSTEMPATH\CodeIgniter.php(349): CodeIgniter\CodeIgniter->handleRequest(null, Object(Config\Cache), false)
 5 FCPATH\index.php(55): CodeIgniter\CodeIgniter->run()
